0 info it worked if it ends with ok
1 verbose cli [ 'C:\\Program Files\\nodejs\\node.exe',
1 verbose cli   'C:\\Program Files\\nodejs\\node_modules\\npm\\bin\\npm-cli.js',
1 verbose cli   'start' ]
2 info using npm@3.10.10
3 info using node@v6.11.5
4 verbose run-script [ 'prestart', 'start', 'poststart' ]
5 info lifecycle api_authentication@1.0.0~prestart: api_authentication@1.0.0
6 silly lifecycle api_authentication@1.0.0~prestart: no script for prestart, continuing
7 info lifecycle api_authentication@1.0.0~start: api_authentication@1.0.0
8 verbose lifecycle api_authentication@1.0.0~start: unsafe-perm in lifecycle true
9 verbose lifecycle api_authentication@1.0.0~start: PATH: C:\Program Files\nodejs\node_modules\npm\bin\node-gyp-bin;C:\Users\Hackean\Documents\node_applications\api_authentication\node_modules\.bin;C:\Users\Hackean\Downloads\cmder\bin;C:\Users\Hackean\Downloads\cmder\vendor\git-for-windows\cmd;C:\Users\Hackean\Downloads\cmder\vendor\conemu-maximus5\ConEmu\Scripts;C:\Users\Hackean\Downloads\cmder\vendor\conemu-maximus5;C:\Users\Hackean\Downloads\cmder\vendor\conemu-maximus5\ConEmu;C:\Python27\;C:\Python27\Scripts;C:\ProgramData\Oracle\Java\javapath;C:\Windows\system32;C:\Windows;C:\Windows\System32\Wbem;C:\Windows\System32\WindowsPowerShell\v1.0\;C:\Program Files\nodejs\;C:\Program Files\Git\mingw64\bin;C:\ProgramData\chocolatey\bin;C:\Users\Hackean\.dnx\bin;C:\Program Files\Microsoft DNX\Dnvm\;C:\Program Files\Microsoft SQL Server\130\Tools\Binn\;C:\Program Files (x86)\Windows Kits\8.1\Windows Performance Toolkit\;C:\Users\Hackean\AppData\Local\Microsoft\WindowsApps;C:\Users\Hackean\AppData\Roaming\npm;C:\Program Files\Microsoft VS Code\bin;C:\Users\Hackean\AppData\Local\Android\Sdk\platform-tools;C:\Program Files\Java\jdk1.8.0_151\bin;;C:\Users\Hackean\Downloads\cmder\vendor\git-for-windows\usr\bin;C:\Users\Hackean\Downloads\cmder\vendor\git-for-windows\usr\share\vim\vim74;C:\Users\Hackean\Downloads\cmder\
10 verbose lifecycle api_authentication@1.0.0~start: CWD: C:\Users\Hackean\Documents\node_applications\api_authentication
11 silly lifecycle api_authentication@1.0.0~start: Args: [ '/d /s /c',
11 silly lifecycle   'nodemon app.js --exec babel-node --presets env,stage-2' ]
12 silly lifecycle api_authentication@1.0.0~start: Returned: code: 3221225786  signal: null
13 info lifecycle api_authentication@1.0.0~start: Failed to exec start script
14 verbose stack Error: api_authentication@1.0.0 start: `nodemon app.js --exec babel-node --presets env,stage-2`
14 verbose stack Exit status 3221225786
14 verbose stack     at EventEmitter.<anonymous> (C:\Program Files\nodejs\node_modules\npm\lib\utils\lifecycle.js:255:16)
14 verbose stack     at emitTwo (events.js:106:13)
14 verbose stack     at EventEmitter.emit (events.js:191:7)
14 verbose stack     at ChildProcess.<anonymous> (C:\Program Files\nodejs\node_modules\npm\lib\utils\spawn.js:40:14)
14 verbose stack     at emitTwo (events.js:106:13)
14 verbose stack     at ChildProcess.emit (events.js:191:7)
14 verbose stack     at maybeClose (internal/child_process.js:920:16)
14 verbose stack     at Process.ChildProcess._handle.onexit (internal/child_process.js:230:5)
15 verbose pkgid api_authentication@1.0.0
16 verbose cwd C:\Users\Hackean\Documents\node_applications\api_authentication
17 error Windows_NT 10.0.16299
18 error argv "C:\\Program Files\\nodejs\\node.exe" "C:\\Program Files\\nodejs\\node_modules\\npm\\bin\\npm-cli.js" "start"
19 error node v6.11.5
20 error npm  v3.10.10
21 error code ELIFECYCLE
22 error api_authentication@1.0.0 start: `nodemon app.js --exec babel-node --presets env,stage-2`
22 error Exit status 3221225786
23 error Failed at the api_authentication@1.0.0 start script 'nodemon app.js --exec babel-node --presets env,stage-2'.
23 error Make sure you have the latest version of node.js and npm installed.
23 error If you do, this is most likely a problem with the api_authentication package,
23 error not with npm itself.
23 error Tell the author that this fails on your system:
23 error     nodemon app.js --exec babel-node --presets env,stage-2
23 error You can get information on how to open an issue for this project with:
23 error     npm bugs api_authentication
23 error Or if that isn't available, you can get their info via:
23 error     npm owner ls api_authentication
23 error There is likely additional logging output above.
24 verbose exit [ 1, true ]
